{"message":"Bookmark with id :0b5d6e3b-9185-40fd-aa04-fabe7e474aec not found","level":"error"}
{"message":"Bookmark with id :0b5d6e3b-9185-40fd-aa04-fabe7e474aec not found","level":"error"}
{"message":"Bookmark with id 0b5d6e3b-9185-40fd-aa04-fabe7e474aec deleted","level":"info"}
{"message":"Bookmark with id 69 not found","level":"error"}
{"message":"Bookmark with id 464d0d9e-66a8-402a-b471-5156f13bd2c1 deleted","level":"info"}
{"message":"Bookmark with id 0b5d6e3b-9185-40fd-aa04-fabe7e474aec deleted","level":"info"}
{"message":"Bookmark with id 3 not found","level":"error"}
{"message":"Bookmark with id 800 not found","level":"error"}
{"message":"Bookmark with id 800 not found","level":"error"}
{"message":"title is required","level":"error"}
{"message":"Bookmark with id 5 deleted","level":"info"}
{"message":"Bookmark with id 5 deleted","level":"info"}
{"message":"Bookmark with id 5 deleted","level":"info"}
{"message":"Bookmark with id 5 deleted","level":"info"}
{"message":"Invalid url 'htt:www.tingoskraa.com' supplied","level":"error"}
{"message":"Invalid rating 'cow' supplied","level":"error"}
{"message":"Invalid rating '5' supplied","level":"error"}
{"message":"Invalid rating '4' supplied","level":"error"}
{"message":"Invalid rating '4' supplied","level":"error"}
{"message":"Bookmark with id 7 deleted","level":"info"}
{"message":"Bookmark with id 8 deleted","level":"info"}
{"message":"Bookmark with id 9 deleted","level":"info"}
{"message":"Invalid rating 'cow' supplied","level":"error"}
{"message":"Bookmark with id 13 deleted","level":"info"}
{"message":"Bookmark with id 14 deleted","level":"info"}
{"message":"Bookmark with id 2 deleted","level":"info"}
